-------------------------------------------------------------------------------
Test set: Day3ApplicationTests
-------------------------------------------------------------------------------
Tests run: 1, Failures: 0, Errors: 1, Skipped: 0, Time elapsed: 0.218 s <<< FAILURE! - in Day3ApplicationTests
Day3ApplicationTests  Time elapsed: 0.217 s  <<< ERROR!
java.lang.NullPointerException: Cannot invoke "java.lang.Class.getName()" because "found" is null

